------------------------------------------------------------------------------------------------------------------------

[2020-10-11 16:48:34 #1 store] 
Database 'C:\Users\Usuario\git\Bets_IS2\BetsIt0\resources\bets.temp' is opened by 1116@PC-Pablo

[2020-10-11 16:48:34 #2 type] 
Type domain.User is not enhanced.

[2020-10-11 16:48:34 #3 type] 
Type domain.Admin is not enhanced.

[2020-10-11 16:48:34 #4 type] 
Type domain.Event is not enhanced.

[2020-10-11 16:48:34 #5 type] 
Type domain.Question is not enhanced.

[2020-10-11 16:48:34 #6 type] 
Type domain.Pronostico is not enhanced.

[2020-10-11 16:48:34 #7 type] 
Type domain.Quiniela is not enhanced.

[2020-10-11 16:48:34 #8 type] 
Type domain.QuinielaResuelta is not enhanced.

[2020-10-11 16:48:34 #9 type] 
Type domain.Apuesta is not enhanced.

[2020-10-11 16:48:34 #10 type] 
Type domain.ApuestaCombinada is not enhanced.

------------------------------------------------------------------------------------------------------------------------

[2020-10-11 16:48:57 #1 store] 
Database 'C:\Users\Usuario\git\Bets_IS2\BetsIt0\resources\bets.temp' has been recovered (tr. 61-66)

[2020-10-11 16:48:57 #2 store] 
Database 'C:\Users\Usuario\git\Bets_IS2\BetsIt0\resources\bets.temp' is opened by 12616@PC-Pablo

[2020-10-11 16:48:57 #3 type] 
Type domain.User is not enhanced.

[2020-10-11 16:48:57 #4 type] 
Type domain.Admin is not enhanced.

[2020-10-11 16:48:57 #5 type] 
Type domain.Event is not enhanced.

[2020-10-11 16:48:57 #6 type] 
Type domain.Question is not enhanced.

[2020-10-11 16:48:57 #7 type] 
Type domain.Pronostico is not enhanced.

[2020-10-11 16:48:57 #8 type] 
Type domain.Quiniela is not enhanced.

[2020-10-11 16:48:57 #9 type] 
Type domain.QuinielaResuelta is not enhanced.

[2020-10-11 16:48:57 #10 type] 
Type domain.Apuesta is not enhanced.

[2020-10-11 16:48:57 #11 type] 
Type domain.ApuestaCombinada is not enhanced.

------------------------------------------------------------------------------------------------------------------------

[2020-10-11 17:35:12 #1 store] 
Database 'C:\Users\Usuario\git\Bets_IS2\BetsIt0\resources\bets.temp' has been recovered (tr. 67-72)

[2020-10-11 17:35:12 #2 store] 
Database 'C:\Users\Usuario\git\Bets_IS2\BetsIt0\resources\bets.temp' is opened by 5428@PC-Pablo

[2020-10-11 17:35:12 #3 type] 
Type domain.User is not enhanced.

[2020-10-11 17:35:12 #4 type] 
Type domain.Admin is not enhanced.

[2020-10-11 17:35:12 #5 type] 
Type domain.Event is not enhanced.

[2020-10-11 17:35:12 #6 type] 
Type domain.Question is not enhanced.

[2020-10-11 17:35:12 #7 type] 
Type domain.Pronostico is not enhanced.

[2020-10-11 17:35:12 #8 type] 
Type domain.Quiniela is not enhanced.

[2020-10-11 17:35:12 #9 type] 
Type domain.QuinielaResuelta is not enhanced.

[2020-10-11 17:35:12 #10 type] 
Type domain.Apuesta is not enhanced.

[2020-10-11 17:35:12 #11 type] 
Type domain.ApuestaCombinada is not enhanced.

------------------------------------------------------------------------------------------------------------------------

[2020-10-11 17:35:49 #1 store] 
Database 'C:\Users\Usuario\git\Bets_IS2\BetsIt0\resources\bets.temp' has been recovered (tr. 73-86)

[2020-10-11 17:35:49 #2 store] 
Database 'C:\Users\Usuario\git\Bets_IS2\BetsIt0\resources\bets.temp' is opened by 13308@PC-Pablo

[2020-10-11 17:35:49 #3 type] 
Type domain.User is not enhanced.

[2020-10-11 17:35:49 #4 type] 
Type domain.Admin is not enhanced.

[2020-10-11 17:35:49 #5 type] 
Type domain.Event is not enhanced.

[2020-10-11 17:35:49 #6 type] 
Type domain.Question is not enhanced.

[2020-10-11 17:35:49 #7 type] 
Type domain.Pronostico is not enhanced.

[2020-10-11 17:35:49 #8 type] 
Type domain.Quiniela is not enhanced.

[2020-10-11 17:35:49 #9 type] 
Type domain.QuinielaResuelta is not enhanced.

[2020-10-11 17:35:49 #10 type] 
Type domain.Apuesta is not enhanced.

[2020-10-11 17:35:49 #11 type] 
Type domain.ApuestaCombinada is not enhanced.

------------------------------------------------------------------------------------------------------------------------

[2020-10-11 17:36:22 #1 store] 
Database 'C:\Users\Usuario\git\Bets_IS2\BetsIt0\resources\bets.temp' has been recovered (tr. 89-95)

[2020-10-11 17:36:22 #2 store] 
Database 'C:\Users\Usuario\git\Bets_IS2\BetsIt0\resources\bets.temp' is opened by 14580@PC-Pablo

[2020-10-11 17:36:22 #3 type] 
Type domain.User is not enhanced.

[2020-10-11 17:36:22 #4 type] 
Type domain.Admin is not enhanced.

[2020-10-11 17:36:22 #5 type] 
Type domain.Event is not enhanced.

[2020-10-11 17:36:22 #6 type] 
Type domain.Question is not enhanced.

[2020-10-11 17:36:22 #7 type] 
Type domain.Pronostico is not enhanced.

[2020-10-11 17:36:22 #8 type] 
Type domain.Quiniela is not enhanced.

[2020-10-11 17:36:22 #9 type] 
Type domain.QuinielaResuelta is not enhanced.

[2020-10-11 17:36:22 #10 type] 
Type domain.Apuesta is not enhanced.

[2020-10-11 17:36:22 #11 type] 
Type domain.ApuestaCombinada is not enhanced.

------------------------------------------------------------------------------------------------------------------------

[2020-10-11 17:37:33 #1 store] 
Database 'C:\Users\Usuario\git\Bets_IS2\BetsIt0\resources\bets.temp' has been recovered (tr. 98-104)

[2020-10-11 17:37:33 #2 store] 
Database 'C:\Users\Usuario\git\Bets_IS2\BetsIt0\resources\bets.temp' is opened by 14796@PC-Pablo

[2020-10-11 17:37:34 #3 type] 
Type domain.User is not enhanced.

[2020-10-11 17:37:34 #4 type] 
Type domain.Admin is not enhanced.

[2020-10-11 17:37:34 #5 type] 
Type domain.Event is not enhanced.

[2020-10-11 17:37:34 #6 type] 
Type domain.Question is not enhanced.

[2020-10-11 17:37:34 #7 type] 
Type domain.Pronostico is not enhanced.

[2020-10-11 17:37:34 #8 type] 
Type domain.Quiniela is not enhanced.

[2020-10-11 17:37:34 #9 type] 
Type domain.QuinielaResuelta is not enhanced.

[2020-10-11 17:37:34 #10 type] 
Type domain.Apuesta is not enhanced.

[2020-10-11 17:37:34 #11 type] 
Type domain.ApuestaCombinada is not enhanced.

------------------------------------------------------------------------------------------------------------------------

[2020-10-11 17:38:29 #1 store] 
Database 'C:\Users\Usuario\git\Bets_IS2\BetsIt0\resources\bets.temp' is opened by 11976@PC-Pablo

[2020-10-11 17:38:29 #2 type.registry] 
New type domain.Event

[2020-10-11 17:38:29 #3 type] 
Type domain.Event is not enhanced.

[2020-10-11 17:38:29 #4 type.registry] 
New type domain.Question

[2020-10-11 17:38:29 #5 type.registry] 
New type java.util.Vector<domain.Question>

[2020-10-11 17:38:29 #6 type] 
Type domain.Question is not enhanced.

[2020-10-11 17:38:29 #7 type.registry] 
New type domain.Pronostico

[2020-10-11 17:38:29 #8 type.registry] 
New type java.util.ArrayList<domain.Pronostico>

[2020-10-11 17:38:29 #9 type] 
Type domain.Pronostico is not enhanced.

[2020-10-11 17:38:29 #10 type.registry] 
New type java.util.Vector<java.lang.Object>

[2020-10-11 17:38:29 #11 type.registry] 
New type domain.User

[2020-10-11 17:38:29 #12 type] 
Type domain.User is not enhanced.

[2020-10-11 17:38:29 #13 type.registry] 
New type java.util.ArrayList<java.lang.Object>

[2020-10-11 17:38:29 #14 type.registry] 
New type java.util.ArrayList<java.lang.String>

[2020-10-11 17:38:29 #15 type.registry] 
New type domain.Apuesta

[2020-10-11 17:38:29 #16 type] 
Type domain.Apuesta is not enhanced.

[2020-10-11 17:38:29 #17 type.registry] 
New type domain.ApuestaCombinada

[2020-10-11 17:38:29 #18 type] 
Type domain.ApuestaCombinada is not enhanced.

[2020-10-11 17:38:29 #19 type.registry] 
New type java.util.ArrayList<domain.Apuesta>

------------------------------------------------------------------------------------------------------------------------

[2020-10-11 17:39:44 #1 store] 
Database 'C:\Users\Usuario\git\Bets_IS2\BetsIt0\resources\bets.temp' is opened by 13412@PC-Pablo

[2020-10-11 17:39:44 #2 type.registry] 
New type domain.Event

[2020-10-11 17:39:44 #3 type] 
Type domain.Event is not enhanced.

[2020-10-11 17:39:44 #4 type.registry] 
New type domain.Question

[2020-10-11 17:39:44 #5 type.registry] 
New type java.util.Vector<domain.Question>

[2020-10-11 17:39:44 #6 type] 
Type domain.Question is not enhanced.

[2020-10-11 17:39:44 #7 type.registry] 
New type domain.Pronostico

[2020-10-11 17:39:44 #8 type.registry] 
New type java.util.ArrayList<domain.Pronostico>

[2020-10-11 17:39:44 #9 type] 
Type domain.Pronostico is not enhanced.

[2020-10-11 17:39:44 #10 type.registry] 
New type java.util.Vector<java.lang.Object>

[2020-10-11 17:39:44 #11 type.registry] 
New type domain.User

[2020-10-11 17:39:44 #12 type] 
Type domain.User is not enhanced.

[2020-10-11 17:39:44 #13 type.registry] 
New type java.util.ArrayList<java.lang.Object>

[2020-10-11 17:39:44 #14 type.registry] 
New type java.util.ArrayList<java.lang.String>

[2020-10-11 17:39:44 #15 type.registry] 
New type domain.Apuesta

[2020-10-11 17:39:44 #16 type] 
Type domain.Apuesta is not enhanced.

[2020-10-11 17:39:44 #17 type.registry] 
New type domain.ApuestaCombinada

[2020-10-11 17:39:44 #18 type] 
Type domain.ApuestaCombinada is not enhanced.

[2020-10-11 17:39:44 #19 type.registry] 
New type java.util.ArrayList<domain.Apuesta>

------------------------------------------------------------------------------------------------------------------------

[2020-10-11 17:41:42 #1 store] 
Database 'C:\Users\Usuario\git\Bets_IS2\BetsIt0\resources\bets.temp' is opened by 14840@PC-Pablo

[2020-10-11 17:41:42 #2 type.registry] 
New type domain.Event

[2020-10-11 17:41:42 #3 type] 
Type domain.Event is not enhanced.

[2020-10-11 17:41:42 #4 type.registry] 
New type domain.Question

[2020-10-11 17:41:42 #5 type.registry] 
New type java.util.Vector<domain.Question>

[2020-10-11 17:41:42 #6 type] 
Type domain.Question is not enhanced.

[2020-10-11 17:41:42 #7 type.registry] 
New type domain.Pronostico

[2020-10-11 17:41:42 #8 type.registry] 
New type java.util.ArrayList<domain.Pronostico>

[2020-10-11 17:41:42 #9 type] 
Type domain.Pronostico is not enhanced.

[2020-10-11 17:41:42 #10 type.registry] 
New type java.util.Vector<java.lang.Object>

[2020-10-11 17:41:42 #11 type.registry] 
New type domain.User

[2020-10-11 17:41:42 #12 type] 
Type domain.User is not enhanced.

[2020-10-11 17:41:42 #13 type.registry] 
New type java.util.ArrayList<java.lang.Object>

[2020-10-11 17:41:42 #14 type.registry] 
New type java.util.ArrayList<java.lang.String>

------------------------------------------------------------------------------------------------------------------------

[2020-10-11 17:42:52 #1 store] 
Database 'C:\Users\Usuario\git\Bets_IS2\BetsIt0\resources\bets.temp' has been recovered (tr. 1-16)

[2020-10-11 17:42:52 #2 store] 
Database 'C:\Users\Usuario\git\Bets_IS2\BetsIt0\resources\bets.temp' is opened by 10520@PC-Pablo

[2020-10-11 17:42:52 #3 type] 
Type domain.Event is not enhanced.

[2020-10-11 17:42:52 #4 type] 
Type domain.Question is not enhanced.

[2020-10-11 17:42:52 #5 type] 
Type domain.Pronostico is not enhanced.

[2020-10-11 17:42:52 #6 type] 
Type domain.User is not enhanced.

------------------------------------------------------------------------------------------------------------------------

[2020-10-11 17:43:02 #1 store] 
Database 'C:\Users\Usuario\git\Bets_IS2\BetsIt0\resources\bets.temp' is opened by 12620@PC-Pablo

[2020-10-11 17:43:02 #2 type.registry] 
New type domain.Event

[2020-10-11 17:43:02 #3 type] 
Type domain.Event is not enhanced.

[2020-10-11 17:43:02 #4 type.registry] 
New type domain.Question

[2020-10-11 17:43:02 #5 type.registry] 
New type java.util.Vector<domain.Question>

[2020-10-11 17:43:02 #6 type] 
Type domain.Question is not enhanced.

[2020-10-11 17:43:02 #7 type.registry] 
New type domain.Pronostico

[2020-10-11 17:43:02 #8 type.registry] 
New type java.util.ArrayList<domain.Pronostico>

[2020-10-11 17:43:02 #9 type] 
Type domain.Pronostico is not enhanced.

[2020-10-11 17:43:02 #10 type.registry] 
New type java.util.Vector<java.lang.Object>

[2020-10-11 17:43:02 #11 type.registry] 
New type domain.User

[2020-10-11 17:43:02 #12 type] 
Type domain.User is not enhanced.

[2020-10-11 17:43:02 #13 type.registry] 
New type java.util.ArrayList<java.lang.Object>

[2020-10-11 17:43:02 #14 type.registry] 
New type java.util.ArrayList<java.lang.String>

------------------------------------------------------------------------------------------------------------------------

[2020-10-11 17:44:19 #1 store] 
Database 'C:\Users\Usuario\git\Bets_IS2\BetsIt0\resources\bets.temp' has been recovered (tr. 1-16)

[2020-10-11 17:44:19 #2 store] 
Database 'C:\Users\Usuario\git\Bets_IS2\BetsIt0\resources\bets.temp' is opened by 7192@PC-Pablo

[2020-10-11 17:44:19 #3 type] 
Type domain.Event is not enhanced.

[2020-10-11 17:44:19 #4 type] 
Type domain.Question is not enhanced.

[2020-10-11 17:44:19 #5 type] 
Type domain.Pronostico is not enhanced.

[2020-10-11 17:44:19 #6 type] 
Type domain.User is not enhanced.

------------------------------------------------------------------------------------------------------------------------

[2020-10-11 17:44:30 #1 store] 
Database 'C:\Users\Usuario\git\Bets_IS2\BetsIt0\resources\bets.temp' is opened by 2100@PC-Pablo

[2020-10-11 17:44:30 #2 type.registry] 
New type domain.Event

[2020-10-11 17:44:30 #3 type] 
Type domain.Event is not enhanced.

[2020-10-11 17:44:30 #4 type.registry] 
New type domain.Question

[2020-10-11 17:44:30 #5 type.registry] 
New type java.util.Vector<domain.Question>

[2020-10-11 17:44:30 #6 type] 
Type domain.Question is not enhanced.

[2020-10-11 17:44:30 #7 type.registry] 
New type domain.Pronostico

[2020-10-11 17:44:30 #8 type.registry] 
New type java.util.ArrayList<domain.Pronostico>

[2020-10-11 17:44:30 #9 type] 
Type domain.Pronostico is not enhanced.

[2020-10-11 17:44:30 #10 type.registry] 
New type java.util.Vector<java.lang.Object>

[2020-10-11 17:44:30 #11 type.registry] 
New type domain.User

[2020-10-11 17:44:30 #12 type] 
Type domain.User is not enhanced.

[2020-10-11 17:44:30 #13 type.registry] 
New type java.util.ArrayList<java.lang.Object>

[2020-10-11 17:44:30 #14 type.registry] 
New type java.util.ArrayList<java.lang.String>

[2020-10-11 17:44:30 #15 type.registry] 
New type domain.Apuesta

[2020-10-11 17:44:30 #16 type] 
Type domain.Apuesta is not enhanced.

[2020-10-11 17:44:30 #17 type.registry] 
New type domain.ApuestaCombinada

[2020-10-11 17:44:30 #18 type] 
Type domain.ApuestaCombinada is not enhanced.

[2020-10-11 17:44:30 #19 type.registry] 
New type java.util.ArrayList<domain.Apuesta>

------------------------------------------------------------------------------------------------------------------------

[2020-10-11 17:47:25 #1 store] 
Database 'C:\Users\Usuario\git\Bets_IS2\BetsIt0\resources\bets.temp' is opened by 2744@PC-Pablo

[2020-10-11 17:47:25 #2 type.registry] 
New type domain.Event

[2020-10-11 17:47:25 #3 type] 
Type domain.Event is not enhanced.

[2020-10-11 17:47:26 #4 type.registry] 
New type domain.Question

[2020-10-11 17:47:26 #5 type.registry] 
New type java.util.Vector<domain.Question>

[2020-10-11 17:47:26 #6 type] 
Type domain.Question is not enhanced.

[2020-10-11 17:47:26 #7 type.registry] 
New type domain.Pronostico

[2020-10-11 17:47:26 #8 type.registry] 
New type java.util.ArrayList<domain.Pronostico>

[2020-10-11 17:47:26 #9 type] 
Type domain.Pronostico is not enhanced.

[2020-10-11 17:47:26 #10 type.registry] 
New type java.util.Vector<java.lang.Object>

[2020-10-11 17:47:26 #11 type.registry] 
New type domain.User

[2020-10-11 17:47:26 #12 type] 
Type domain.User is not enhanced.

[2020-10-11 17:47:26 #13 type.registry] 
New type java.util.ArrayList<java.lang.Object>

[2020-10-11 17:47:26 #14 type.registry] 
New type java.util.ArrayList<java.lang.String>

[2020-10-11 17:47:26 #15 type.registry] 
New type domain.Apuesta

[2020-10-11 17:47:26 #16 type] 
Type domain.Apuesta is not enhanced.

[2020-10-11 17:47:26 #17 type.registry] 
New type domain.ApuestaCombinada

[2020-10-11 17:47:26 #18 type] 
Type domain.ApuestaCombinada is not enhanced.

[2020-10-11 17:47:26 #19 type.registry] 
New type java.util.ArrayList<domain.Apuesta>

------------------------------------------------------------------------------------------------------------------------

[2020-10-11 17:53:15 #1 store] 
Database 'C:\Users\Usuario\git\Bets_IS2\BetsIt0\resources\bets.temp' is opened by 13576@PC-Pablo

[2020-10-11 17:53:15 #2 type.registry] 
New type domain.Event

[2020-10-11 17:53:15 #3 type] 
Type domain.Event is not enhanced.

[2020-10-11 17:53:15 #4 type.registry] 
New type domain.Question

[2020-10-11 17:53:15 #5 type.registry] 
New type java.util.Vector<domain.Question>

[2020-10-11 17:53:15 #6 type] 
Type domain.Question is not enhanced.

[2020-10-11 17:53:15 #7 type.registry] 
New type domain.Pronostico

[2020-10-11 17:53:15 #8 type.registry] 
New type java.util.ArrayList<domain.Pronostico>

[2020-10-11 17:53:15 #9 type] 
Type domain.Pronostico is not enhanced.

[2020-10-11 17:53:15 #10 type.registry] 
New type java.util.Vector<java.lang.Object>

[2020-10-11 17:53:15 #11 type.registry] 
New type domain.User

[2020-10-11 17:53:15 #12 type] 
Type domain.User is not enhanced.

[2020-10-11 17:53:15 #13 type.registry] 
New type java.util.ArrayList<java.lang.Object>

[2020-10-11 17:53:15 #14 type.registry] 
New type java.util.ArrayList<java.lang.String>

[2020-10-11 17:53:15 #15 type.registry] 
New type domain.Apuesta

[2020-10-11 17:53:15 #16 type] 
Type domain.Apuesta is not enhanced.

[2020-10-11 17:53:15 #17 type.registry] 
New type domain.ApuestaCombinada

[2020-10-11 17:53:15 #18 type] 
Type domain.ApuestaCombinada is not enhanced.

[2020-10-11 17:53:15 #19 type.registry] 
New type java.util.ArrayList<domain.Apuesta>

------------------------------------------------------------------------------------------------------------------------

[2020-10-11 17:55:02 #1 store] 
Database 'C:\Users\Usuario\git\Bets_IS2\BetsIt0\resources\bets.temp' has been recovered (tr. 1-36)

[2020-10-11 17:55:02 #2 store] 
Database 'C:\Users\Usuario\git\Bets_IS2\BetsIt0\resources\bets.temp' is opened by 8300@PC-Pablo

[2020-10-11 17:55:02 #3 type] 
Type domain.Event is not enhanced.

[2020-10-11 17:55:02 #4 type] 
Type domain.Question is not enhanced.

[2020-10-11 17:55:02 #5 type] 
Type domain.Pronostico is not enhanced.

[2020-10-11 17:55:02 #6 type] 
Type domain.User is not enhanced.

[2020-10-11 17:55:02 #7 type] 
Type domain.Apuesta is not enhanced.

[2020-10-11 17:55:02 #8 type] 
Type domain.ApuestaCombinada is not enhanced.

------------------------------------------------------------------------------------------------------------------------

[2020-10-11 17:56:01 #1 store] 
Database 'C:\Users\Usuario\git\Bets_IS2\BetsIt0\resources\bets.temp' is opened by 12008@PC-Pablo

[2020-10-11 17:56:01 #2 type.registry] 
New type domain.Event

[2020-10-11 17:56:01 #3 type] 
Type domain.Event is not enhanced.

[2020-10-11 17:56:01 #4 type.registry] 
New type domain.Question

[2020-10-11 17:56:01 #5 type.registry] 
New type java.util.Vector<domain.Question>

[2020-10-11 17:56:01 #6 type] 
Type domain.Question is not enhanced.

[2020-10-11 17:56:01 #7 type.registry] 
New type domain.Pronostico

[2020-10-11 17:56:01 #8 type.registry] 
New type java.util.ArrayList<domain.Pronostico>

[2020-10-11 17:56:01 #9 type] 
Type domain.Pronostico is not enhanced.

[2020-10-11 17:56:01 #10 type.registry] 
New type java.util.Vector<java.lang.Object>

[2020-10-11 17:56:01 #11 type.registry] 
New type domain.User

[2020-10-11 17:56:01 #12 type] 
Type domain.User is not enhanced.

[2020-10-11 17:56:01 #13 type.registry] 
New type java.util.ArrayList<java.lang.Object>

[2020-10-11 17:56:01 #14 type.registry] 
New type java.util.ArrayList<java.lang.String>

[2020-10-11 17:56:01 #15 type.registry] 
New type domain.Apuesta

[2020-10-11 17:56:01 #16 type] 
Type domain.Apuesta is not enhanced.

[2020-10-11 17:56:01 #17 type.registry] 
New type domain.ApuestaCombinada

[2020-10-11 17:56:01 #18 type] 
Type domain.ApuestaCombinada is not enhanced.

[2020-10-11 17:56:01 #19 type.registry] 
New type java.util.ArrayList<domain.Apuesta>

------------------------------------------------------------------------------------------------------------------------

[2020-10-11 17:59:20 #1 store] 
Database 'C:\Users\Usuario\git\Bets_IS2\BetsIt0\resources\bets.temp' is opened by 8060@PC-Pablo

[2020-10-11 17:59:20 #2 type.registry] 
New type domain.Event

[2020-10-11 17:59:20 #3 type] 
Type domain.Event is not enhanced.

[2020-10-11 17:59:20 #4 type.registry] 
New type domain.Question

[2020-10-11 17:59:20 #5 type.registry] 
New type java.util.Vector<domain.Question>

[2020-10-11 17:59:20 #6 type] 
Type domain.Question is not enhanced.

[2020-10-11 17:59:20 #7 type.registry] 
New type domain.Pronostico

[2020-10-11 17:59:20 #8 type.registry] 
New type java.util.ArrayList<domain.Pronostico>

[2020-10-11 17:59:20 #9 type] 
Type domain.Pronostico is not enhanced.

[2020-10-11 17:59:20 #10 type.registry] 
New type java.util.Vector<java.lang.Object>

[2020-10-11 17:59:20 #11 type.registry] 
New type domain.User

[2020-10-11 17:59:20 #12 type] 
Type domain.User is not enhanced.

[2020-10-11 17:59:20 #13 type.registry] 
New type java.util.ArrayList<java.lang.Object>

[2020-10-11 17:59:20 #14 type.registry] 
New type java.util.ArrayList<java.lang.String>

[2020-10-11 17:59:20 #15 type.registry] 
New type domain.Apuesta

[2020-10-11 17:59:20 #16 type] 
Type domain.Apuesta is not enhanced.

[2020-10-11 17:59:20 #17 type.registry] 
New type domain.ApuestaCombinada

[2020-10-11 17:59:20 #18 type] 
Type domain.ApuestaCombinada is not enhanced.

[2020-10-11 17:59:20 #19 type.registry] 
New type java.util.ArrayList<domain.Apuesta>

------------------------------------------------------------------------------------------------------------------------

[2020-10-11 18:04:17 #1 store] 
Database 'C:\Users\Usuario\git\Bets_IS2\BetsIt0\resources\bets.temp' is opened by 14472@PC-Pablo

[2020-10-11 18:04:17 #2 type.registry] 
New type domain.Event

[2020-10-11 18:04:17 #3 type] 
Type domain.Event is not enhanced.

[2020-10-11 18:04:17 #4 type.registry] 
New type domain.Question

[2020-10-11 18:04:17 #5 type.registry] 
New type java.util.Vector<domain.Question>

[2020-10-11 18:04:17 #6 type] 
Type domain.Question is not enhanced.

[2020-10-11 18:04:17 #7 type.registry] 
New type domain.Pronostico

[2020-10-11 18:04:17 #8 type.registry] 
New type java.util.ArrayList<domain.Pronostico>

[2020-10-11 18:04:17 #9 type] 
Type domain.Pronostico is not enhanced.

[2020-10-11 18:04:17 #10 type.registry] 
New type java.util.Vector<java.lang.Object>

[2020-10-11 18:04:17 #11 type.registry] 
New type domain.User

[2020-10-11 18:04:17 #12 type] 
Type domain.User is not enhanced.

[2020-10-11 18:04:17 #13 type.registry] 
New type java.util.ArrayList<java.lang.Object>

[2020-10-11 18:04:17 #14 type.registry] 
New type java.util.ArrayList<java.lang.String>

[2020-10-11 18:04:17 #15 type.registry] 
New type domain.Apuesta

[2020-10-11 18:04:17 #16 type] 
Type domain.Apuesta is not enhanced.

[2020-10-11 18:04:17 #17 type.registry] 
New type domain.ApuestaCombinada

[2020-10-11 18:04:17 #18 type] 
Type domain.ApuestaCombinada is not enhanced.

[2020-10-11 18:04:17 #19 type.registry] 
New type java.util.ArrayList<domain.Apuesta>

------------------------------------------------------------------------------------------------------------------------

[2020-10-11 18:05:43 #1 store] 
Database 'C:\Users\Usuario\git\Bets_IS2\BetsIt0\resources\bets.temp' is opened by 14840@PC-Pablo

[2020-10-11 18:05:43 #2 type.registry] 
New type domain.Event

[2020-10-11 18:05:43 #3 type] 
Type domain.Event is not enhanced.

[2020-10-11 18:05:43 #4 type.registry] 
New type domain.Question

[2020-10-11 18:05:43 #5 type.registry] 
New type java.util.Vector<domain.Question>

[2020-10-11 18:05:43 #6 type] 
Type domain.Question is not enhanced.

[2020-10-11 18:05:43 #7 type.registry] 
New type domain.Pronostico

[2020-10-11 18:05:43 #8 type.registry] 
New type java.util.ArrayList<domain.Pronostico>

[2020-10-11 18:05:43 #9 type] 
Type domain.Pronostico is not enhanced.

[2020-10-11 18:05:43 #10 type.registry] 
New type java.util.Vector<java.lang.Object>

[2020-10-11 18:05:43 #11 type.registry] 
New type domain.User

[2020-10-11 18:05:43 #12 type] 
Type domain.User is not enhanced.

[2020-10-11 18:05:43 #13 type.registry] 
New type java.util.ArrayList<java.lang.Object>

[2020-10-11 18:05:43 #14 type.registry] 
New type java.util.ArrayList<java.lang.String>

[2020-10-11 18:05:43 #15 type.registry] 
New type domain.Apuesta

[2020-10-11 18:05:43 #16 type] 
Type domain.Apuesta is not enhanced.

[2020-10-11 18:05:43 #17 type.registry] 
New type domain.ApuestaCombinada

[2020-10-11 18:05:43 #18 type] 
Type domain.ApuestaCombinada is not enhanced.

[2020-10-11 18:05:43 #19 type.registry] 
New type java.util.ArrayList<domain.Apuesta>

------------------------------------------------------------------------------------------------------------------------

[2020-10-11 18:06:40 #1 store] 
Database 'C:\Users\Usuario\git\Bets_IS2\BetsIt0\resources\bets.temp' is opened by 14580@PC-Pablo

[2020-10-11 18:06:40 #2 type.registry] 
New type domain.Event

[2020-10-11 18:06:40 #3 type] 
Type domain.Event is not enhanced.

[2020-10-11 18:06:40 #4 type.registry] 
New type domain.Question

[2020-10-11 18:06:40 #5 type.registry] 
New type java.util.Vector<domain.Question>

[2020-10-11 18:06:40 #6 type] 
Type domain.Question is not enhanced.

[2020-10-11 18:06:40 #7 type.registry] 
New type domain.Pronostico

[2020-10-11 18:06:40 #8 type.registry] 
New type java.util.ArrayList<domain.Pronostico>

[2020-10-11 18:06:40 #9 type] 
Type domain.Pronostico is not enhanced.

[2020-10-11 18:06:40 #10 type.registry] 
New type java.util.Vector<java.lang.Object>

[2020-10-11 18:06:40 #11 type.registry] 
New type domain.User

[2020-10-11 18:06:40 #12 type] 
Type domain.User is not enhanced.

[2020-10-11 18:06:40 #13 type.registry] 
New type java.util.ArrayList<java.lang.Object>

[2020-10-11 18:06:40 #14 type.registry] 
New type java.util.ArrayList<java.lang.String>

[2020-10-11 18:06:40 #15 type.registry] 
New type domain.Apuesta

[2020-10-11 18:06:40 #16 type] 
Type domain.Apuesta is not enhanced.

[2020-10-11 18:06:40 #17 type.registry] 
New type domain.ApuestaCombinada

[2020-10-11 18:06:40 #18 type] 
Type domain.ApuestaCombinada is not enhanced.

[2020-10-11 18:06:40 #19 type.registry] 
New type java.util.ArrayList<domain.Apuesta>

------------------------------------------------------------------------------------------------------------------------

[2020-10-11 18:07:06 #1 store] 
Database 'C:\Users\Usuario\git\Bets_IS2\BetsIt0\resources\bets.temp' is opened by 3620@PC-Pablo

[2020-10-11 18:07:06 #2 type.registry] 
New type domain.Event

[2020-10-11 18:07:06 #3 type] 
Type domain.Event is not enhanced.

[2020-10-11 18:07:06 #4 type.registry] 
New type domain.Question

[2020-10-11 18:07:06 #5 type.registry] 
New type java.util.Vector<domain.Question>

[2020-10-11 18:07:06 #6 type] 
Type domain.Question is not enhanced.

[2020-10-11 18:07:06 #7 type.registry] 
New type domain.Pronostico

[2020-10-11 18:07:06 #8 type.registry] 
New type java.util.ArrayList<domain.Pronostico>

[2020-10-11 18:07:06 #9 type] 
Type domain.Pronostico is not enhanced.

[2020-10-11 18:07:06 #10 type.registry] 
New type java.util.Vector<java.lang.Object>

[2020-10-11 18:07:06 #11 type.registry] 
New type domain.User

[2020-10-11 18:07:06 #12 type] 
Type domain.User is not enhanced.

[2020-10-11 18:07:06 #13 type.registry] 
New type java.util.ArrayList<java.lang.Object>

[2020-10-11 18:07:06 #14 type.registry] 
New type java.util.ArrayList<java.lang.String>

[2020-10-11 18:07:06 #15 type.registry] 
New type domain.Apuesta

[2020-10-11 18:07:06 #16 type] 
Type domain.Apuesta is not enhanced.

[2020-10-11 18:07:06 #17 type.registry] 
New type domain.ApuestaCombinada

[2020-10-11 18:07:06 #18 type] 
Type domain.ApuestaCombinada is not enhanced.

[2020-10-11 18:07:06 #19 type.registry] 
New type java.util.ArrayList<domain.Apuesta>

------------------------------------------------------------------------------------------------------------------------

[2020-10-11 18:07:32 #1 store] 
Database 'C:\Users\Usuario\git\Bets_IS2\BetsIt0\resources\bets.temp' has been recovered (tr. 1-53)

[2020-10-11 18:07:32 #2 store] 
Database 'C:\Users\Usuario\git\Bets_IS2\BetsIt0\resources\bets.temp' is opened by 11888@PC-Pablo

[2020-10-11 18:07:32 #3 type] 
Type domain.Event is not enhanced.

[2020-10-11 18:07:32 #4 type] 
Type domain.Question is not enhanced.

[2020-10-11 18:07:32 #5 type] 
Type domain.Pronostico is not enhanced.

[2020-10-11 18:07:32 #6 type] 
Type domain.User is not enhanced.

[2020-10-11 18:07:32 #7 type] 
Type domain.Apuesta is not enhanced.

[2020-10-11 18:07:32 #8 type] 
Type domain.ApuestaCombinada is not enhanced.

------------------------------------------------------------------------------------------------------------------------

[2020-10-11 18:08:25 #1 store] 
Database 'C:\Users\Usuario\git\Bets_IS2\BetsIt0\resources\bets.temp' is opened by 6864@PC-Pablo

[2020-10-11 18:08:25 #2 type.registry] 
New type domain.Event

[2020-10-11 18:08:25 #3 type] 
Type domain.Event is not enhanced.

[2020-10-11 18:08:25 #4 type.registry] 
New type domain.Question

[2020-10-11 18:08:25 #5 type.registry] 
New type java.util.Vector<domain.Question>

[2020-10-11 18:08:25 #6 type] 
Type domain.Question is not enhanced.

[2020-10-11 18:08:25 #7 type.registry] 
New type domain.Pronostico

[2020-10-11 18:08:25 #8 type.registry] 
New type java.util.ArrayList<domain.Pronostico>

[2020-10-11 18:08:25 #9 type] 
Type domain.Pronostico is not enhanced.

[2020-10-11 18:08:25 #10 type.registry] 
New type java.util.Vector<java.lang.Object>

[2020-10-11 18:08:25 #11 type.registry] 
New type domain.User

[2020-10-11 18:08:25 #12 type] 
Type domain.User is not enhanced.

[2020-10-11 18:08:25 #13 type.registry] 
New type java.util.ArrayList<java.lang.Object>

[2020-10-11 18:08:25 #14 type.registry] 
New type java.util.ArrayList<java.lang.String>

[2020-10-11 18:08:25 #15 type.registry] 
New type domain.Apuesta

[2020-10-11 18:08:25 #16 type] 
Type domain.Apuesta is not enhanced.

[2020-10-11 18:08:25 #17 type.registry] 
New type domain.ApuestaCombinada

[2020-10-11 18:08:25 #18 type] 
Type domain.ApuestaCombinada is not enhanced.

[2020-10-11 18:08:25 #19 type.registry] 
New type java.util.ArrayList<domain.Apuesta>

